<?xml version="1.0" encoding="UTF-8"?>
<!-- Generated by org.testng.reporters.JUnitReportReporter -->
<testsuite skipped="0" hostname="GGN-173797-C02V402SHTD6" name="Tests.AbstractTest" tests="2" failures="0" timestamp="04 Jul 2018 09:31:38 GMT" time="11.510" errors="0">
  <testcase name="test1" time="6.002" classname="Tests.AbstractTest"/>
  <testcase name="test2" time="5.508" classname="Tests.AbstractTest"/>
</testsuite> <!-- Tests.AbstractTest -->
